c:\users\sharo\source\repos\project5\project5\x64\debug\vc141.pdb
c:\users\sharo\source\repos\project5\project5\x64\debug\vc141.idb
c:\users\sharo\source\repos\project5\project5\x64\debug\maim.obj
c:\users\sharo\source\repos\project5\project5\x64\debug\controller.obj
c:\users\sharo\source\repos\project5\project5\x64\debug\tictactoelavel2.obj
c:\users\sharo\source\repos\project5\project5\x64\debug\game.obj
c:\users\sharo\source\repos\project5\project5\x64\debug\tictactoe.obj
c:\users\sharo\source\repos\project5\project5\x64\debug\boardgame.obj
c:\users\sharo\source\repos\project5\project5\x64\debug\bunnygame.obj
c:\users\sharo\source\repos\project5\project5\x64\debug\bunnygameleval1.obj
c:\users\sharo\source\repos\project5\project5\x64\debug\bunnygameleval2.obj
c:\users\sharo\source\repos\project5\x64\debug\project5.exe
c:\users\sharo\source\repos\project5\x64\debug\project5.ilk
c:\users\sharo\source\repos\project5\x64\debug\project5.pdb
c:\users\sharo\source\repos\project5\project5\x64\debug\project5.tlog\cl.command.1.tlog
c:\users\sharo\source\repos\project5\project5\x64\debug\project5.tlog\cl.read.1.tlog
c:\users\sharo\source\repos\project5\project5\x64\debug\project5.tlog\cl.write.1.tlog
c:\users\sharo\source\repos\project5\project5\x64\debug\project5.tlog\link.command.1.tlog
c:\users\sharo\source\repos\project5\project5\x64\debug\project5.tlog\link.read.1.tlog
c:\users\sharo\source\repos\project5\project5\x64\debug\project5.tlog\link.write.1.tlog
